<?xml version="1.0" encoding="UTF-8"?>
<testsuite name="server.junit.UserTest" tests="4" skipped="0" failures="0" errors="0" timestamp="2018-03-01T04:49:17" hostname="Chis-MBP" time="0.005">
  <properties/>
  <testcase name="testGetContactList" classname="server.junit.UserTest" time="0.0"/>
  <testcase name="testGetPassword" classname="server.junit.UserTest" time="0.0"/>
  <testcase name="testGetName" classname="server.junit.UserTest" time="0.004"/>
  <testcase name="testGetNickname" classname="server.junit.UserTest" time="0.0"/>
  <system-out><![CDATA[]]></system-out>
  <system-err><![CDATA[]]></system-err>
</testsuite>
